{"total": {"lines":{"total":6293,"covered":176,"skipped":0,"pct":2.79},"statements":{"total":6293,"covered":176,"skipped":0,"pct":2.79},"functions":{"total":69,"covered":19,"skipped":0,"pct":27.53},"branches":{"total":95,"covered":51,"skipped":0,"pct":53.68},"branchesTrue":{"total":0,"covered":0,"skipped":0,"pct":100}}
,"/Users/satyamdave/Desktop/simulation-labs/web/src/App.tsx": {"lines":{"total":160,"covered":0,"skipped":0,"pct":0},"functions":{"total":1,"covered":0,"skipped":0,"pct":0},"statements":{"total":160,"covered":0,"skipped":0,"pct":0},"branches":{"total":1,"covered":0,"skipped":0,"pct":0}}
,"/Users/satyamdave/Desktop/simulation-labs/web/src/api.ts": {"lines":{"total":111,"covered":0,"skipped":0,"pct":0},"functions":{"total":1,"covered":1,"skipped":0,"pct":100},"statements":{"total":111,"covered":0,"skipped":0,"pct":0},"branches":{"total":1,"covered":1,"skipped":0,"pct":100}}
,"/Users/satyamdave/Desktop/simulation-labs/web/src/insights.ts": {"lines":{"total":283,"covered":0,"skipped":0,"pct":0},"functions":{"total":1,"covered":0,"skipped":0,"pct":0},"statements":{"total":283,"covered":0,"skipped":0,"pct":0},"branches":{"total":1,"covered":0,"skipped":0,"pct":0}}
,"/Users/satyamdave/Desktop/simulation-labs/web/src/main.tsx": {"lines":{"total":51,"covered":0,"skipped":0,"pct":0},"functions":{"total":1,"covered":0,"skipped":0,"pct":0},"statements":{"total":51,"covered":0,"skipped":0,"pct":0},"branches":{"total":1,"covered":0,"skipped":0,"pct":0}}
,"/Users/satyamdave/Desktop/simulation-labs/web/src/offline.ts": {"lines":{"total":183,"covered":0,"skipped":0,"pct":0},"functions":{"total":1,"covered":1,"skipped":0,"pct":100},"statements":{"total":183,"covered":0,"skipped":0,"pct":0},"branches":{"total":1,"covered":1,"skipped":0,"pct":100}}
,"/Users/satyamdave/Desktop/simulation-labs/web/src/personaCatalog.ts": {"lines":{"total":74,"covered":0,"skipped":0,"pct":0},"functions":{"total":1,"covered":1,"skipped":0,"pct":100},"statements":{"total":74,"covered":0,"skipped":0,"pct":0},"branches":{"total":1,"covered":1,"skipped":0,"pct":100}}
,"/Users/satyamdave/Desktop/simulation-labs/web/src/runReducer.ts": {"lines":{"total":131,"covered":0,"skipped":0,"pct":0},"functions":{"total":1,"covered":1,"skipped":0,"pct":100},"statements":{"total":131,"covered":0,"skipped":0,"pct":0},"branches":{"total":1,"covered":1,"skipped":0,"pct":100}}
,"/Users/satyamdave/Desktop/simulation-labs/web/src/theme.ts": {"lines":{"total":74,"covered":0,"skipped":0,"pct":0},"functions":{"total":1,"covered":1,"skipped":0,"pct":100},"statements":{"total":74,"covered":0,"skipped":0,"pct":0},"branches":{"total":1,"covered":1,"skipped":0,"pct":100}}
,"/Users/satyamdave/Desktop/simulation-labs/web/src/types.ts": {"lines":{"total":7,"covered":0,"skipped":0,"pct":0},"functions":{"total":1,"covered":1,"skipped":0,"pct":100},"statements":{"total":7,"covered":0,"skipped":0,"pct":0},"branches":{"total":1,"covered":1,"skipped":0,"pct":100}}
,"/Users/satyamdave/Desktop/simulation-labs/web/src/useRunStream.ts": {"lines":{"total":43,"covered":0,"skipped":0,"pct":0},"functions":{"total":1,"covered":0,"skipped":0,"pct":0},"statements":{"total":43,"covered":0,"skipped":0,"pct":0},"branches":{"total":1,"covered":0,"skipped":0,"pct":0}}
,"/Users/satyamdave/Desktop/simulation-labs/web/src/wav.ts": {"lines":{"total":45,"covered":0,"skipped":0,"pct":0},"functions":{"total":1,"covered":1,"skipped":0,"pct":100},"statements":{"total":45,"covered":0,"skipped":0,"pct":0},"branches":{"total":1,"covered":1,"skipped":0,"pct":100}}
,"/Users/satyamdave/Desktop/simulation-labs/web/src/components/AskPersona.tsx": {"lines":{"total":166,"covered":0,"skipped":0,"pct":0},"functions":{"total":1,"covered":0,"skipped":0,"pct":0},"statements":{"total":166,"covered":0,"skipped":0,"pct":0},"branches":{"total":1,"covered":0,"skipped":0,"pct":0}}
,"/Users/satyamdave/Desktop/simulation-labs/web/src/components/CompareView.tsx": {"lines":{"total":290,"covered":0,"skipped":0,"pct":0},"functions":{"total":1,"covered":0,"skipped":0,"pct":0},"statements":{"total":290,"covered":0,"skipped":0,"pct":0},"branches":{"total":1,"covered":0,"skipped":0,"pct":0}}
,"/Users/satyamdave/Desktop/simulation-labs/web/src/components/Heatmap.tsx": {"lines":{"total":65,"covered":0,"skipped":0,"pct":0},"functions":{"total":1,"covered":0,"skipped":0,"pct":0},"statements":{"total":65,"covered":0,"skipped":0,"pct":0},"branches":{"total":1,"covered":0,"skipped":0,"pct":0}}
,"/Users/satyamdave/Desktop/simulation-labs/web/src/components/IndexView.tsx": {"lines":{"total":135,"covered":0,"skipped":0,"pct":0},"functions":{"total":1,"covered":0,"skipped":0,"pct":0},"statements":{"total":135,"covered":0,"skipped":0,"pct":0},"branches":{"total":1,"covered":0,"skipped":0,"pct":0}}
,"/Users/satyamdave/Desktop/simulation-labs/web/src/components/LaunchForm.tsx": {"lines":{"total":191,"covered":0,"skipped":0,"pct":0},"functions":{"total":1,"covered":0,"skipped":0,"pct":0},"statements":{"total":191,"covered":0,"skipped":0,"pct":0},"branches":{"total":1,"covered":0,"skipped":0,"pct":0}}
,"/Users/satyamdave/Desktop/simulation-labs/web/src/components/OfflineDemo.tsx": {"lines":{"total":105,"covered":0,"skipped":0,"pct":0},"functions":{"total":1,"covered":0,"skipped":0,"pct":0},"statements":{"total":105,"covered":0,"skipped":0,"pct":0},"branches":{"total":1,"covered":0,"skipped":0,"pct":0}}
,"/Users/satyamdave/Desktop/simulation-labs/web/src/components/PersonaGrid.tsx": {"lines":{"total":90,"covered":0,"skipped":0,"pct":0},"functions":{"total":1,"covered":0,"skipped":0,"pct":0},"statements":{"total":90,"covered":0,"skipped":0,"pct":0},"branches":{"total":1,"covered":0,"skipped":0,"pct":0}}
,"/Users/satyamdave/Desktop/simulation-labs/web/src/components/PersonaTile.tsx": {"lines":{"total":166,"covered":0,"skipped":0,"pct":0},"functions":{"total":1,"covered":0,"skipped":0,"pct":0},"statements":{"total":166,"covered":0,"skipped":0,"pct":0},"branches":{"total":1,"covered":0,"skipped":0,"pct":0}}
,"/Users/satyamdave/Desktop/simulation-labs/web/src/components/PolicyPanel.tsx": {"lines":{"total":67,"covered":0,"skipped":0,"pct":0},"functions":{"total":1,"covered":0,"skipped":0,"pct":0},"statements":{"total":67,"covered":0,"skipped":0,"pct":0},"branches":{"total":1,"covered":0,"skipped":0,"pct":0}}
,"/Users/satyamdave/Desktop/simulation-labs/web/src/components/ReportView.tsx": {"lines":{"total":389,"covered":0,"skipped":0,"pct":0},"functions":{"total":1,"covered":0,"skipped":0,"pct":0},"statements":{"total":389,"covered":0,"skipped":0,"pct":0},"branches":{"total":1,"covered":0,"skipped":0,"pct":0}}
,"/Users/satyamdave/Desktop/simulation-labs/web/src/components/SimulatedRun.tsx": {"lines":{"total":88,"covered":0,"skipped":0,"pct":0},"functions":{"total":1,"covered":0,"skipped":0,"pct":0},"statements":{"total":88,"covered":0,"skipped":0,"pct":0},"branches":{"total":1,"covered":0,"skipped":0,"pct":0}}
,"/Users/satyamdave/Desktop/simulation-labs/web/src/components/StatsPanel.tsx": {"lines":{"total":460,"covered":0,"skipped":0,"pct":0},"functions":{"total":1,"covered":0,"skipped":0,"pct":0},"statements":{"total":460,"covered":0,"skipped":0,"pct":0},"branches":{"total":1,"covered":0,"skipped":0,"pct":0}}
,"/Users/satyamdave/Desktop/simulation-labs/web/src/components/SurvivalCurve.tsx": {"lines":{"total":40,"covered":0,"skipped":0,"pct":0},"functions":{"total":1,"covered":0,"skipped":0,"pct":0},"statements":{"total":40,"covered":0,"skipped":0,"pct":0},"branches":{"total":1,"covered":0,"skipped":0,"pct":0}}
,"/Users/satyamdave/Desktop/simulation-labs/web/src/components/VitalLine.tsx": {"lines":{"total":128,"covered":0,"skipped":0,"pct":0},"functions":{"total":1,"covered":0,"skipped":0,"pct":0},"statements":{"total":128,"covered":0,"skipped":0,"pct":0},"branches":{"total":1,"covered":0,"skipped":0,"pct":0}}
,"/Users/satyamdave/Desktop/simulation-labs/web/src/dashboard/DashboardLayout.tsx": {"lines":{"total":114,"covered":0,"skipped":0,"pct":0},"functions":{"total":1,"covered":0,"skipped":0,"pct":0},"statements":{"total":114,"covered":0,"skipped":0,"pct":0},"branches":{"total":1,"covered":0,"skipped":0,"pct":0}}
,"/Users/satyamdave/Desktop/simulation-labs/web/src/dashboard/api2.ts": {"lines":{"total":100,"covered":72,"skipped":0,"pct":72},"functions":{"total":22,"covered":8,"skipped":0,"pct":36.36},"statements":{"total":100,"covered":72,"skipped":0,"pct":72},"branches":{"total":26,"covered":22,"skipped":0,"pct":84.61}}
,"/Users/satyamdave/Desktop/simulation-labs/web/src/dashboard/api_billing.ts": {"lines":{"total":35,"covered":0,"skipped":0,"pct":0},"functions":{"total":1,"covered":0,"skipped":0,"pct":0},"statements":{"total":35,"covered":0,"skipped":0,"pct":0},"branches":{"total":1,"covered":0,"skipped":0,"pct":0}}
,"/Users/satyamdave/Desktop/simulation-labs/web/src/dashboard/auth.tsx": {"lines":{"total":95,"covered":82,"skipped":0,"pct":86.31},"functions":{"total":2,"covered":2,"skipped":0,"pct":100},"statements":{"total":95,"covered":82,"skipped":0,"pct":86.31},"branches":{"total":21,"covered":17,"skipped":0,"pct":80.95}}
,"/Users/satyamdave/Desktop/simulation-labs/web/src/dashboard/types2.ts": {"lines":{"total":0,"covered":0,"skipped":0,"pct":100},"functions":{"total":1,"covered":1,"skipped":0,"pct":100},"statements":{"total":0,"covered":0,"skipped":0,"pct":100},"branches":{"total":1,"covered":1,"skipped":0,"pct":100}}
,"/Users/satyamdave/Desktop/simulation-labs/web/src/dashboard/components/ErrorBoundary.tsx": {"lines":{"total":51,"covered":0,"skipped":0,"pct":0},"functions":{"total":1,"covered":0,"skipped":0,"pct":0},"statements":{"total":51,"covered":0,"skipped":0,"pct":0},"branches":{"total":1,"covered":0,"skipped":0,"pct":0}}
,"/Users/satyamdave/Desktop/simulation-labs/web/src/dashboard/components/Fallback.tsx": {"lines":{"total":15,"covered":0,"skipped":0,"pct":0},"functions":{"total":1,"covered":0,"skipped":0,"pct":0},"statements":{"total":15,"covered":0,"skipped":0,"pct":0},"branches":{"total":1,"covered":0,"skipped":0,"pct":0}}
,"/Users/satyamdave/Desktop/simulation-labs/web/src/dashboard/components/FlowEditor.tsx": {"lines":{"total":133,"covered":0,"skipped":0,"pct":0},"functions":{"total":1,"covered":0,"skipped":0,"pct":0},"statements":{"total":133,"covered":0,"skipped":0,"pct":0},"branches":{"total":1,"covered":0,"skipped":0,"pct":0}}
,"/Users/satyamdave/Desktop/simulation-labs/web/src/dashboard/components/IcpPicker.tsx": {"lines":{"total":82,"covered":0,"skipped":0,"pct":0},"functions":{"total":1,"covered":0,"skipped":0,"pct":0},"statements":{"total":82,"covered":0,"skipped":0,"pct":0},"branches":{"total":1,"covered":0,"skipped":0,"pct":0}}
,"/Users/satyamdave/Desktop/simulation-labs/web/src/dashboard/components/ProjectSwitcher.tsx": {"lines":{"total":100,"covered":0,"skipped":0,"pct":0},"functions":{"total":1,"covered":0,"skipped":0,"pct":0},"statements":{"total":100,"covered":0,"skipped":0,"pct":0},"branches":{"total":1,"covered":0,"skipped":0,"pct":0}}
,"/Users/satyamdave/Desktop/simulation-labs/web/src/dashboard/components/RequireAuth.tsx": {"lines":{"total":22,"covered":22,"skipped":0,"pct":100},"functions":{"total":1,"covered":1,"skipped":0,"pct":100},"statements":{"total":22,"covered":22,"skipped":0,"pct":100},"branches":{"total":4,"covered":4,"skipped":0,"pct":100}}
,"/Users/satyamdave/Desktop/simulation-labs/web/src/dashboard/components/RunHistoryTable.tsx": {"lines":{"total":111,"covered":0,"skipped":0,"pct":0},"functions":{"total":1,"covered":0,"skipped":0,"pct":0},"statements":{"total":111,"covered":0,"skipped":0,"pct":0},"branches":{"total":1,"covered":0,"skipped":0,"pct":0}}
,"/Users/satyamdave/Desktop/simulation-labs/web/src/dashboard/components/TrendChart.tsx": {"lines":{"total":143,"covered":0,"skipped":0,"pct":0},"functions":{"total":1,"covered":0,"skipped":0,"pct":0},"statements":{"total":143,"covered":0,"skipped":0,"pct":0},"branches":{"total":1,"covered":0,"skipped":0,"pct":0}}
,"/Users/satyamdave/Desktop/simulation-labs/web/src/dashboard/pages/Billing.tsx": {"lines":{"total":215,"covered":0,"skipped":0,"pct":0},"functions":{"total":1,"covered":0,"skipped":0,"pct":0},"statements":{"total":215,"covered":0,"skipped":0,"pct":0},"branches":{"total":1,"covered":0,"skipped":0,"pct":0}}
,"/Users/satyamdave/Desktop/simulation-labs/web/src/dashboard/pages/Flows.tsx": {"lines":{"total":172,"covered":0,"skipped":0,"pct":0},"functions":{"total":1,"covered":0,"skipped":0,"pct":0},"statements":{"total":172,"covered":0,"skipped":0,"pct":0},"branches":{"total":1,"covered":0,"skipped":0,"pct":0}}
,"/Users/satyamdave/Desktop/simulation-labs/web/src/dashboard/pages/Login.tsx": {"lines":{"total":87,"covered":0,"skipped":0,"pct":0},"functions":{"total":1,"covered":0,"skipped":0,"pct":0},"statements":{"total":87,"covered":0,"skipped":0,"pct":0},"branches":{"total":1,"covered":0,"skipped":0,"pct":0}}
,"/Users/satyamdave/Desktop/simulation-labs/web/src/dashboard/pages/Members.tsx": {"lines":{"total":194,"covered":0,"skipped":0,"pct":0},"functions":{"total":1,"covered":0,"skipped":0,"pct":0},"statements":{"total":194,"covered":0,"skipped":0,"pct":0},"branches":{"total":1,"covered":0,"skipped":0,"pct":0}}
,"/Users/satyamdave/Desktop/simulation-labs/web/src/dashboard/pages/RunDetail.tsx": {"lines":{"total":285,"covered":0,"skipped":0,"pct":0},"functions":{"total":1,"covered":0,"skipped":0,"pct":0},"statements":{"total":285,"covered":0,"skipped":0,"pct":0},"branches":{"total":1,"covered":0,"skipped":0,"pct":0}}
,"/Users/satyamdave/Desktop/simulation-labs/web/src/dashboard/pages/Runs.tsx": {"lines":{"total":139,"covered":0,"skipped":0,"pct":0},"functions":{"total":1,"covered":0,"skipped":0,"pct":0},"statements":{"total":139,"covered":0,"skipped":0,"pct":0},"branches":{"total":1,"covered":0,"skipped":0,"pct":0}}
,"/Users/satyamdave/Desktop/simulation-labs/web/src/dashboard/pages/Settings.tsx": {"lines":{"total":241,"covered":0,"skipped":0,"pct":0},"functions":{"total":1,"covered":0,"skipped":0,"pct":0},"statements":{"total":241,"covered":0,"skipped":0,"pct":0},"branches":{"total":1,"covered":0,"skipped":0,"pct":0}}
,"/Users/satyamdave/Desktop/simulation-labs/web/src/dashboard/pages/Signup.tsx": {"lines":{"total":87,"covered":0,"skipped":0,"pct":0},"functions":{"total":1,"covered":0,"skipped":0,"pct":0},"statements":{"total":87,"covered":0,"skipped":0,"pct":0},"branches":{"total":1,"covered":0,"skipped":0,"pct":0}}
,"/Users/satyamdave/Desktop/simulation-labs/web/src/sim/simulate.ts": {"lines":{"total":330,"covered":0,"skipped":0,"pct":0},"functions":{"total":1,"covered":0,"skipped":0,"pct":0},"statements":{"total":330,"covered":0,"skipped":0,"pct":0},"branches":{"total":1,"covered":0,"skipped":0,"pct":0}}
}
